#
# A fatal error has been detected by the Java Runtime Environment:
#
#  SIGSEGV (0xb) at pc=0x0000000110936561, pid=9977, tid=775
#
# JRE version: Java(TM) SE Runtime Environment (8.0_40-b27) (build 1.8.0_40-b27)
# Java VM: Java HotSpot(TM) 64-Bit Server VM (25.40-b25 mixed mode bsd-amd64 compressed oops)
# Problematic frame:
# C  [libglass.dylib+0x15561]  GlassScreenDidChangeScreenParameters+0x21
#
# Failed to write core dump. Core dumps have been disabled. To enable core dumping, try "ulimit -c unlimited" before starting Java again
#
# If you would like to submit a bug report, please visit:
#   http://bugreport.java.com/bugreport/crash.jsp
#

---------------  T H R E A D  ---------------

Current thread is native thread

siginfo: si_signo: 11 (SIGSEGV), si_code: 1 (SEGV_MAPERR), si_addr: 0x0000000000000000

Registers:
RAX=0x0000000110968ac8, RBX=0x0000000000000000, RCX=0x9257d457b28a0095, RDX=0x0000000000000103
RSP=0x00007ffee7c31840, RBP=0x00007ffee7c31850, RSI=0x00007fea35c1ca30, RDI=0x0000000000000000
R8 =0x00007fffa3560048, R9 =0x0000000000000040, R10=0x00007fffa3560040, R11=0xffffffffffffffff
R12=0x0000000000000000, R13=0x00007fea37992c90, R14=0x00007fea37a01920, R15=0x0000000000000000
RIP=0x0000000110936561, EFLAGS=0x0000000000010246, ERR=0x0000000000000004
  TRAPNO=0x000000000000000e

Top of Stack: (sp=0x00007ffee7c31840)
0x00007ffee7c31840:   00007fea37992cd0 00007fea37a01920
0x00007ffee7c31850:   00007ffee7c31860 00007fff42960cbc
0x00007ffee7c31860:   00007ffee7c318d0 00007fff42960baa
0x00007ffee7c31870:   00007fea35e49630 00007fffa355b060
0x00007ffee7c31880:   00000000c2000000 00007fff42960c10
0x00007ffee7c31890:   00007fff9cec2b38 00007fea37992c90
0x00007ffee7c318a0:   00007fea37a01920 00007ffee7c32118
0x00007ffee7c318b0:   00007fff69330e80 0000000000000000
0x00007ffee7c318c0:   00007fea37992c90 00007fff40bf4224
0x00007ffee7c318d0:   00007ffee7c31910 00007fff429608f2
0x00007ffee7c318e0:   00007ffee7c31ee0 0000000000000000
0x00007ffee7c318f0:   00007fff69330e80 0000000000000000
0x00007ffee7c31900:   00007ffee7c32118 00007fff40bf4224
0x00007ffee7c31910:   00007ffee7c32030 00007fff4291e6d0
0x00007ffee7c31920:   00007ffe00000053 00007ffee7c31840
0x00007ffee7c31930:   00007fea37804bc0 00007fff9cffb801
0x00007ffee7c31940:   0000000000000000 00007fea37964650
0x00007ffee7c31950:   00007fff9cffb8b0 00007fff9cf04938
0x00007ffee7c31960:   00007fff9cec4b50 00007fff6a0d6384
0x00007ffee7c31970:   0000000000000000 00007fea37992d00
0x00007ffee7c31980:   0000000000000000 0000000000000000
0x00007ffee7c31990:   00007ffee7c31ee0 0000000000000001
0x00007ffee7c319a0:   0000000000000100 00007fea37bfc000
0x00007ffee7c319b0:   00007ffee7c31de0 0000000000000000
0x00007ffee7c319c0:   0000000000000100 00007fea37b01700
0x00007ffee7c319d0:   0000000107fe8080 00007fea3692c050
0x00007ffee7c319e0:   0000000107fec800 0000000000000003
0x00007ffee7c319f0:   0000000107fec800 0000000000000019
0x00007ffee7c31a00:   0000000107fe8080 00007fea37b00000
0x00007ffee7c31a10:   00007ffee7c31a70 00007fff6a0ed254
0x00007ffee7c31a20:   0000000107fec800 0000000107fe8080
0x00007ffee7c31a30:   00007ffee7c31ac0 00007fff6a0ec758 

Instructions: (pc=0x0000000110936561)
0x0000000110936541:   48 89 e5 41 56 53 48 8d 05 72 26 03 00 48 83 38
0x0000000110936551:   00 48 89 fb 75 72 48 8d 05 6a 25 03 00 48 8b 30
0x0000000110936561:   48 8b 03 48 8d 15 74 9a 01 00 48 8d 0d 2e 70 01
0x0000000110936571:   00 48 89 df ff 90 88 03 00 00 48 8d 0d 3e 26 03 

Register to memory mapping:

RAX=0x0000000110968ac8: jScreenClass+0 in /Library/Java/JavaVirtualMachines/jdk1.8.0_40.jdk/Contents/Home/jre/lib/libglass.dylib at 0x0000000110921000
RBX=0x0000000000000000 is an unknown value
RCX=0x9257d457b28a0095 is an unknown value
RDX=0x0000000000000103 is an unknown value
RSP=0x00007ffee7c31840 is an unknown value
RBP=0x00007ffee7c31850 is an unknown value
RSI=0x00007fea35c1ca30 is a global jni handle
RDI=0x0000000000000000 is an unknown value
R8 =0x00007fffa3560048: __sFX+0x1c8 in /usr/lib/system/libsystem_c.dylib at 0x00007fff69f7c000
R9 =0x0000000000000040 is an unknown value
R10=0x00007fffa3560040: __sFX+0x1c0 in /usr/lib/system/libsystem_c.dylib at 0x00007fff69f7c000
R11=0xffffffffffffffff is an unknown value
R12=0x0000000000000000 is an unknown value
R13=0x00007fea37992c90 is an unknown value
R14=0x00007fea37a01920 is an unknown value
R15=0x0000000000000000 is an unknown value


Stack: [0x00007ffee7435000,0x00007ffee7c35000],  sp=0x00007ffee7c31840,  free space=8178k
Native frames: (J=compiled Java code, j=interpreted, Vv=VM code, C=native code)
C  [libglass.dylib+0x15561]  GlassScreenDidChangeScreenParameters+0x21
C  [CoreFoundation+0x9acbc]  __CFNOTIFICATIONCENTER_IS_CALLING_OUT_TO_AN_OBSERVER__+0xc
C  [CoreFoundation+0x9abaa]  _CFXRegistrationPost+0x1ba
C  [CoreFoundation+0x9a8f2]  ___CFXNotificationPost_block_invoke+0x32
C  [CoreFoundation+0x586d0]  -[_CFXNotificationRegistrar find:object:observer:enumerator:]+0x680
C  [CoreFoundation+0x57803]  _CFXNotificationPost+0x253
C  [Foundation+0x6477]  -[NSNotificationCenter postNotificationName:object:userInfo:]+0x42
C  [AppKit+0xbc002b]  -[NSApplication(ScreenHandling) _reactToScreenInvalidationImmediately:]+0x162
C  [AppKit+0xbbfe8d]  __60-[NSApplication(ScreenHandling) _reactToScreenInvalidation:]_block_invoke+0x3b
C  [CoreFoundation+0xa368c]  __CFRUNLOOP_IS_CALLING_OUT_TO_A_BLOCK__+0xc
C  [CoreFoundation+0x860a3]  __CFRunLoopDoBlocks+0x113
C  [CoreFoundation+0x85e68]  __CFRunLoopRun+0xc38
C  [CoreFoundation+0x84fa3]  CFRunLoopRunSpecific+0x1e3
C  [java+0x6490]  CreateExecutionEnvironment+0x367
C  [java+0x221c]  JLI_Launch+0x7a0
C  [java+0x84ed]  main+0x65
C  [java+0x1a74]  start+0x34


---------------  P R O C E S S  ---------------

VM state:at safepoint (normal execution)

VM Mutex/Monitor currently owned by a thread:  ([mutex/lock_event])
[0x00007fea379024c0] Threads_lock - owner thread: 0x00007fea3685c000

Heap:
 PSYoungGen      total 76288K, used 22736K [0x000000076ab00000, 0x0000000770000000, 0x00000007c0000000)
  eden space 65536K, 34% used [0x000000076ab00000,0x000000076c1340d0,0x000000076eb00000)
  from space 10752K, 0% used [0x000000076f580000,0x000000076f580000,0x0000000770000000)
  to   space 10752K, 0% used [0x000000076eb00000,0x000000076eb00000,0x000000076f580000)
 ParOldGen       total 175104K, used 0K [0x00000006c0000000, 0x00000006cab00000, 0x000000076ab00000)
  object space 175104K, 0% used [0x00000006c0000000,0x00000006c0000000,0x00000006cab00000)
 Metaspace       used 10284K, capacity 10638K, committed 10880K, reserved 1058816K
  class space    used 1266K, capacity 1368K, committed 1408K, reserved 1048576K

Card table byte_map: [0x000000010a529000,0x000000010ad2a000] byte_map_base: 0x0000000106f29000

Marking Bits: (ParMarkBitMap*) 0x0000000109ac27a0
 Begin Bits: [0x000000012230d000, 0x000000012630d000)
 End Bits:   [0x000000012630d000, 0x000000012a30d000)

Polling page: 0x000000010804f000

CodeCache: size=245760Kb used=2785Kb max_used=2785Kb free=242974Kb
 bounds [0x000000011330d000, 0x00000001135cd000, 0x000000012230d000]
 total_blobs=1128 nmethods=700 adapters=342
 compilation: enabled

Compilation events (10 events):
Event: 0.537 Thread 0x00007fea3700f000  696       1       java.nio.Buffer::limit (5 bytes)
Event: 0.537 Thread 0x00007fea3700f000 nmethod 696 0x00000001135c4710 code [0x00000001135c4860, 0x00000001135c4970]
Event: 0.537 Thread 0x00007fea3700f000  697       3       java.nio.ByteBuffer::arrayOffset (35 bytes)
Event: 0.537 Thread 0x00007fea3700f000 nmethod 697 0x00000001135c49d0 code [0x00000001135c4b60, 0x00000001135c4e78]
Event: 0.537 Thread 0x00007fea3700f000  698       3       java.nio.Buffer::position (43 bytes)
Event: 0.537 Thread 0x00007fea3700f000 nmethod 698 0x00000001135c4fd0 code [0x00000001135c5140, 0x00000001135c5408]
Event: 0.537 Thread 0x00007fea3700f000  699       3       java.lang.String::toString (2 bytes)
Event: 0.537 Thread 0x00007fea3700f000 nmethod 699 0x00000001135c54d0 code [0x00000001135c5620, 0x00000001135c5770]
Event: 0.537 Thread 0x00007fea3700f000  700       3       java.nio.CharBuffer::arrayOffset (35 bytes)
Event: 0.537 Thread 0x00007fea3700f000 nmethod 700 0x00000001135c57d0 code [0x00000001135c5960, 0x00000001135c5c78]

GC Heap History (0 events):
No events

Deoptimization events (4 events):
Event: 0.363 Thread 0x00007fea3692d800 Uncommon trap: reason=unstable_if action=reinterpret pc=0x00000001134b6b44 method=java.lang.String.replace(CC)Ljava/lang/String; @ 26
Event: 0.372 Thread 0x00007fea3692d800 Uncommon trap: reason=unstable_if action=reinterpret pc=0x00000001134ee29c method=java.lang.String.indexOf([CII[CIII)I @ 134
Event: 0.462 Thread 0x00007fea3692d800 Uncommon trap: reason=unstable_if action=reinterpret pc=0x00000001135722a8 method=java.util.HashMap.getNode(ILjava/lang/Object;)Ljava/util/HashMap$Node; @ 84
Event: 0.486 Thread 0x00007fea3692d800 Uncommon trap: reason=unstable_if action=reinterpret pc=0x00000001134cf620 method=java.lang.String.startsWith(Ljava/lang/String;I)Z @ 25

Internal exceptions (10 events):
Event: 0.107 Thread 0x00007fea37001800 Exception <a 'java/lang/NoSuchFieldError': method resolution failed> (0x000000076af3fd30) thrown at [/Users/java_re/workspace/8-2-build-macosx-x86_64/jdk8u40/3153/hotspot/src/share/vm/prims/methodHandles.cpp, line 1125]
Event: 0.109 Thread 0x00007fea37001800 Exception <a 'java/lang/NoSuchFieldError': method resolution failed> (0x000000076af4e400) thrown at [/Users/java_re/workspace/8-2-build-macosx-x86_64/jdk8u40/3153/hotspot/src/share/vm/prims/methodHandles.cpp, line 1125]
Event: 0.122 Thread 0x00007fea37001800 Exception <a 'java/security/PrivilegedActionException'> (0x000000076afdab60) thrown at [/Users/java_re/workspace/8-2-build-macosx-x86_64/jdk8u40/3153/hotspot/src/share/vm/prims/jvm.cpp, line 1382]
Event: 0.122 Thread 0x00007fea37001800 Exception <a 'java/security/PrivilegedActionException'> (0x000000076afdad18) thrown at [/Users/java_re/workspace/8-2-build-macosx-x86_64/jdk8u40/3153/hotspot/src/share/vm/prims/jvm.cpp, line 1382]
Event: 0.122 Thread 0x00007fea37001800 Exception <a 'java/security/PrivilegedActionException'> (0x000000076afddf08) thrown at [/Users/java_re/workspace/8-2-build-macosx-x86_64/jdk8u40/3153/hotspot/src/share/vm/prims/jvm.cpp, line 1382]
Event: 0.122 Thread 0x00007fea37001800 Exception <a 'java/security/PrivilegedActionException'> (0x000000076afde0c0) thrown at [/Users/java_re/workspace/8-2-build-macosx-x86_64/jdk8u40/3153/hotspot/src/share/vm/prims/jvm.cpp, line 1382]
Event: 0.122 Thread 0x00007fea37001800 Exception <a 'java/lang/NullPointerException'> (0x000000076afde858) thrown at [/Users/java_re/workspace/8-2-build-macosx-x86_64/jdk8u40/3153/hotspot/src/share/vm/interpreter/linkResolver.cpp, line 1178]
Event: 0.411 Thread 0x00007fea3692d800 Exception <a 'java/lang/NullPointerException'> (0x000000076bc0c858) thrown at [/Users/java_re/workspace/8-2-build-macosx-x86_64/jdk8u40/3153/hotspot/src/share/vm/interpreter/linkResolver.cpp, line 1178]
Event: 0.411 Thread 0x00007fea3692d800 Exception <a 'java/lang/NullPointerException'> (0x000000076bc0c858) thrown at [/Users/java_re/workspace/8-2-build-macosx-x86_64/jdk8u40/3153/hotspot/src/share/vm/prims/jvm.cpp, line 1386]
Event: 0.536 Thread 0x00007fea37001800 Exception <a 'java/lang/reflect/InvocationTargetException'> (0x000000076b22b8a8) thrown at [/Users/java_re/workspace/8-2-build-macosx-x86_64/jdk8u40/3153/hotspot/src/share/vm/runtime/reflection.cpp, line 1080]

Events (10 events):
Event: 0.536 loading class java/lang/Throwable$PrintStreamOrWriter
Event: 0.536 loading class java/lang/Throwable$PrintStreamOrWriter done
Event: 0.536 loading class java/lang/Throwable$WrappedPrintStream done
Event: 0.536 loading class java/util/IdentityHashMap$KeySet
Event: 0.536 loading class java/util/IdentityHashMap$KeySet done
Event: 0.537 loading class java/util/IdentityHashMap$KeyIterator
Event: 0.537 loading class java/util/IdentityHashMap$IdentityHashMapIterator
Event: 0.538 loading class java/util/IdentityHashMap$IdentityHashMapIterator done
Event: 0.538 loading class java/util/IdentityHashMap$KeyIterator done
Event: 0.538 Executing VM operation: Exit


Dynamic libraries:
0x000000001b2a5000 	/System/Library/Frameworks/Cocoa.framework/Versions/A/Cocoa
0x000000001b2a5000 	/System/Library/Frameworks/Security.framework/Versions/A/Security
0x000000001b2a5000 	/System/Library/Frameworks/ApplicationServices.framework/Versions/A/ApplicationServices
0x000000001b2a5000 	/usr/lib/libz.1.dylib
0x000000001b2a5000 	/usr/lib/libSystem.B.dylib
0x000000001b2a5000 	/usr/lib/libobjc.A.dylib
0x000000001b2a5000 	/System/Library/Frameworks/CoreFoundation.framework/Versions/A/CoreFoundation
0x000000001b2a5000 	/System/Library/Frameworks/Foundation.framework/Versions/C/Foundation
0x000000001b2a5000 	/System/Library/Frameworks/AppKit.framework/Versions/C/AppKit
0x000000001b2a5000 	/System/Library/Frameworks/CoreData.framework/Versions/A/CoreData
0x000000001b2a5000 	/System/Library/PrivateFrameworks/RemoteViewServices.framework/Versions/A/RemoteViewServices
0x000000001b2a5000 	/System/Library/PrivateFrameworks/UIFoundation.framework/Versions/A/UIFoundation
0x000000001b2a5000 	/System/Library/PrivateFrameworks/DFRFoundation.framework/Versions/A/DFRFoundation
0x000000001b2a5000 	/System/Library/Frameworks/Metal.framework/Versions/A/Metal
0x000000001b2a5000 	/System/Library/PrivateFrameworks/DesktopServicesPriv.framework/Versions/A/DesktopServicesPriv
0x000000001b2a5000 	/usr/lib/libenergytrace.dylib
0x000000001b2a5000 	/System/Library/PrivateFrameworks/SkyLight.framework/Versions/A/SkyLight
0x000000001b2a5000 	/System/Library/Frameworks/CoreGraphics.framework/Versions/A/CoreGraphics
0x000000001b2a5000 	/usr/lib/libScreenReader.dylib
0x000000001b2a5000 	/System/Library/Frameworks/Accelerate.framework/Versions/A/Accelerate
0x000000001b2a5000 	/System/Library/Frameworks/IOSurface.framework/Versions/A/IOSurface
0x000000001b2a5000 	/System/Library/Frameworks/AudioToolbox.framework/Versions/A/AudioToolbox
0x000000001b2a5000 	/System/Library/Frameworks/AudioUnit.framework/Versions/A/AudioUnit
0x000000001b2a5000 	/System/Library/PrivateFrameworks/DataDetectorsCore.framework/Versions/A/DataDetectorsCore
0x000000001b2a5000 	/System/Library/Frameworks/Carbon.framework/Versions/A/Frameworks/HIToolbox.framework/Versions/A/HIToolbox
0x000000001b2a5000 	/usr/lib/libicucore.A.dylib
0x000000001b2a5000 	/System/Library/Frameworks/QuartzCore.framework/Versions/A/QuartzCore
0x000000001b2a5000 	/System/Library/Frameworks/Carbon.framework/Versions/A/Frameworks/SpeechRecognition.framework/Versions/A/SpeechRecognition
0x000000001b2a5000 	/usr/lib/libauto.dylib
0x000000001b2a5000 	/usr/lib/libxml2.2.dylib
0x000000001b2a5000 	/System/Library/PrivateFrameworks/CoreUI.framework/Versions/A/CoreUI
0x000000001b2a5000 	/System/Library/Frameworks/CoreAudio.framework/Versions/A/CoreAudio
0x000000001b2a5000 	/System/Library/Frameworks/DiskArbitration.framework/Versions/A/DiskArbitration
0x000000001b2a5000 	/usr/lib/liblangid.dylib
0x000000001b2a5000 	/System/Library/PrivateFrameworks/MultitouchSupport.framework/Versions/A/MultitouchSupport
0x000000001b2a5000 	/System/Library/Frameworks/IOKit.framework/Versions/A/IOKit
0x000000001b2a5000 	/usr/lib/libDiagnosticMessagesClient.dylib
0x000000001b2a5000 	/System/Library/Frameworks/CoreServices.framework/Versions/A/CoreServices
0x000000001b2a5000 	/System/Library/PrivateFrameworks/PerformanceAnalysis.framework/Versions/A/PerformanceAnalysis
0x000000001b2a5000 	/System/Library/Frameworks/OpenGL.framework/Versions/A/OpenGL
0x000000001b2a5000 	/System/Library/Frameworks/ColorSync.framework/Versions/A/ColorSync
0x000000001b2a5000 	/System/Library/Frameworks/CoreImage.framework/Versions/A/CoreImage
0x000000001b2a5000 	/System/Library/Frameworks/CoreText.framework/Versions/A/CoreText
0x000000001b2a5000 	/System/Library/Frameworks/ImageIO.framework/Versions/A/ImageIO
0x000000001b2a5000 	/System/Library/PrivateFrameworks/Backup.framework/Versions/A/Backup
0x000000001b2a5000 	/usr/lib/libarchive.2.dylib
0x000000001b2a5000 	/System/Library/Frameworks/CFNetwork.framework/Versions/A/CFNetwork
0x000000001b2a5000 	/System/Library/Frameworks/SystemConfiguration.framework/Versions/A/SystemConfiguration
0x000000001b2a5000 	/usr/lib/libCRFSuite.dylib
0x000000001b2a5000 	/usr/lib/libc++.1.dylib
0x000000001b2a5000 	/usr/lib/libc++abi.dylib
0x000000001b2a5000 	/usr/lib/system/libcache.dylib
0x000000001b2a5000 	/usr/lib/system/libcommonCrypto.dylib
0x000000001b2a5000 	/usr/lib/system/libcompiler_rt.dylib
0x000000001b2a5000 	/usr/lib/system/libcopyfile.dylib
0x000000001b2a5000 	/usr/lib/system/libcorecrypto.dylib
0x000000001b2a5000 	/usr/lib/system/libdispatch.dylib
0x000000001b2a5000 	/usr/lib/system/libdyld.dylib
0x000000001b2a5000 	/usr/lib/system/libkeymgr.dylib
0x000000001b2a5000 	/usr/lib/system/liblaunch.dylib
0x000000001b2a5000 	/usr/lib/system/libmacho.dylib
0x000000001b2a5000 	/usr/lib/system/libquarantine.dylib
0x000000001b2a5000 	/usr/lib/system/libremovefile.dylib
0x000000001b2a5000 	/usr/lib/system/libsystem_asl.dylib
0x000000001b2a5000 	/usr/lib/system/libsystem_blocks.dylib
0x000000001b2a5000 	/usr/lib/system/libsystem_c.dylib
0x000000001b2a5000 	/usr/lib/system/libsystem_configuration.dylib
0x000000001b2a5000 	/usr/lib/system/libsystem_coreservices.dylib
0x000000001b2a5000 	/usr/lib/system/libsystem_darwin.dylib
0x000000001b2a5000 	/usr/lib/system/libsystem_dnssd.dylib
0x000000001b2a5000 	/usr/lib/system/libsystem_info.dylib
0x000000001b2a5000 	/usr/lib/system/libsystem_m.dylib
0x000000001b2a5000 	/usr/lib/system/libsystem_malloc.dylib
0x000000001b2a5000 	/usr/lib/system/libsystem_network.dylib
0x000000001b2a5000 	/usr/lib/system/libsystem_networkextension.dylib
0x000000001b2a5000 	/usr/lib/system/libsystem_notify.dylib
0x000000001b2a5000 	/usr/lib/system/libsystem_sandbox.dylib
0x000000001b2a5000 	/usr/lib/system/libsystem_secinit.dylib
0x000000001b2a5000 	/usr/lib/system/libsystem_kernel.dylib
0x000000001b2a5000 	/usr/lib/system/libsystem_platform.dylib
0x000000001b2a5000 	/usr/lib/system/libsystem_pthread.dylib
0x000000001b2a5000 	/usr/lib/system/libsystem_symptoms.dylib
0x000000001b2a5000 	/usr/lib/system/libsystem_trace.dylib
0x000000001b2a5000 	/usr/lib/system/libunwind.dylib
0x000000001b2a5000 	/usr/lib/system/libxpc.dylib
0x000000001b2a5000 	/usr/lib/closure/libclosured.dylib
0x000000001b2a5000 	/usr/lib/libbsm.0.dylib
0x000000001b2a5000 	/usr/lib/system/libkxld.dylib
0x000000001b2a5000 	/usr/lib/libOpenScriptingUtil.dylib
0x000000001b2a5000 	/usr/lib/libcoretls.dylib
0x000000001b2a5000 	/usr/lib/libcoretls_cfhelpers.dylib
0x000000001b2a5000 	/usr/lib/libpam.2.dylib
0x000000001b2a5000 	/usr/lib/libsqlite3.dylib
0x000000001b2a5000 	/usr/lib/libxar.1.dylib
0x000000001b2a5000 	/usr/lib/libbz2.1.0.dylib
0x000000001b2a5000 	/usr/lib/liblzma.5.dylib
0x000000001b2a5000 	/usr/lib/libnetwork.dylib
0x000000001b2a5000 	/usr/lib/libapple_nghttp2.dylib
0x000000001b2a5000 	/usr/lib/libpcap.A.dylib
0x000000001b2a5000 	/usr/lib/libboringssl.dylib
0x000000001b2a5000 	/usr/lib/libusrtcp.dylib
0x000000001b2a5000 	/usr/lib/libapple_crypto.dylib
0x000000001b2a5000 	/System/Library/Frameworks/CoreServices.framework/Versions/A/Frameworks/FSEvents.framework/Versions/A/FSEvents
0x000000001b2a5000 	/System/Library/Frameworks/CoreServices.framework/Versions/A/Frameworks/CarbonCore.framework/Versions/A/CarbonCore
0x000000001b2a5000 	/System/Library/Frameworks/CoreServices.framework/Versions/A/Frameworks/Metadata.framework/Versions/A/Metadata
0x000000001b2a5000 	/System/Library/Frameworks/CoreServices.framework/Versions/A/Frameworks/OSServices.framework/Versions/A/OSServices
0x000000001b2a5000 	/System/Library/Frameworks/CoreServices.framework/Versions/A/Frameworks/SearchKit.framework/Versions/A/SearchKit
0x000000001b2a5000 	/System/Library/Frameworks/CoreServices.framework/Versions/A/Frameworks/AE.framework/Versions/A/AE
0x000000001b2a5000 	/System/Library/Frameworks/CoreServices.framework/Versions/A/Frameworks/LaunchServices.framework/Versions/A/LaunchServices
0x000000001b2a5000 	/System/Library/Frameworks/CoreServices.framework/Versions/A/Frameworks/DictionaryServices.framework/Versions/A/DictionaryServices
0x000000001b2a5000 	/System/Library/Frameworks/CoreServices.framework/Versions/A/Frameworks/SharedFileList.framework/Versions/A/SharedFileList
0x000000001b2a5000 	/System/Library/Frameworks/NetFS.framework/Versions/A/NetFS
0x000000001b2a5000 	/System/Library/PrivateFrameworks/NetAuth.framework/Versions/A/NetAuth
0x000000001b2a5000 	/System/Library/PrivateFrameworks/login.framework/Versions/A/Frameworks/loginsupport.framework/Versions/A/loginsupport
0x000000001b2a5000 	/System/Library/PrivateFrameworks/TCC.framework/Versions/A/TCC
0x000000001b2a5000 	/usr/lib/libmecabra.dylib
0x000000001b2a5000 	/System/Library/Frameworks/ApplicationServices.framework/Versions/A/Frameworks/ATS.framework/Versions/A/ATS
0x000000001b2a5000 	/System/Library/Frameworks/ApplicationServices.framework/Versions/A/Frameworks/ColorSyncLegacy.framework/Versions/A/ColorSyncLegacy
0x000000001b2a5000 	/System/Library/Frameworks/ApplicationServices.framework/Versions/A/Frameworks/HIServices.framework/Versions/A/HIServices
0x000000001b2a5000 	/System/Library/Frameworks/ApplicationServices.framework/Versions/A/Frameworks/LangAnalysis.framework/Versions/A/LangAnalysis
0x000000001b2a5000 	/System/Library/Frameworks/ApplicationServices.framework/Versions/A/Frameworks/PrintCore.framework/Versions/A/PrintCore
0x000000001b2a5000 	/System/Library/Frameworks/ApplicationServices.framework/Versions/A/Frameworks/QD.framework/Versions/A/QD
0x000000001b2a5000 	/System/Library/Frameworks/ApplicationServices.framework/Versions/A/Frameworks/SpeechSynthesis.framework/Versions/A/SpeechSynthesis
0x000000001b2a5000 	/System/Library/Frameworks/CoreDisplay.framework/Versions/A/CoreDisplay
0x000000001b2a5000 	/System/Library/Frameworks/Accelerate.framework/Versions/A/Frameworks/vImage.framework/Versions/A/vImage
0x000000001b2a5000 	/System/Library/Frameworks/Accelerate.framework/Versions/A/Frameworks/vecLib.framework/Versions/A/vecLib
0x000000001b2a5000 	/System/Library/Frameworks/Accelerate.framework/Versions/A/Frameworks/vecLib.framework/Versions/A/libvDSP.dylib
0x000000001b2a5000 	/System/Library/Frameworks/Accelerate.framework/Versions/A/Frameworks/vecLib.framework/Versions/A/libBNNS.dylib
0x000000001b2a5000 	/System/Library/Frameworks/Accelerate.framework/Versions/A/Frameworks/vecLib.framework/Versions/A/libQuadrature.dylib
0x000000001b2a5000 	/System/Library/Frameworks/Accelerate.framework/Versions/A/Frameworks/vecLib.framework/Versions/A/libvMisc.dylib
0x000000001b2a5000 	/System/Library/Frameworks/Accelerate.framework/Versions/A/Frameworks/vecLib.framework/Versions/A/libLAPACK.dylib
0x000000001b2a5000 	/System/Library/Frameworks/Accelerate.framework/Versions/A/Frameworks/vecLib.framework/Versions/A/libBLAS.dylib
0x000000001b2a5000 	/System/Library/Frameworks/Accelerate.framework/Versions/A/Frameworks/vecLib.framework/Versions/A/libLinearAlgebra.dylib
0x000000001b2a5000 	/System/Library/Frameworks/Accelerate.framework/Versions/A/Frameworks/vecLib.framework/Versions/A/libSparse.dylib
0x000000001b2a5000 	/System/Library/Frameworks/Accelerate.framework/Versions/A/Frameworks/vecLib.framework/Versions/A/libSparseBLAS.dylib
0x000000001b2a5000 	/System/Library/PrivateFrameworks/IOAccelerator.framework/Versions/A/IOAccelerator
0x000000001b2a5000 	/System/Library/PrivateFrameworks/IOPresentment.framework/Versions/A/IOPresentment
0x000000001b2a5000 	/System/Library/PrivateFrameworks/DSExternalDisplay.framework/Versions/A/DSExternalDisplay
0x000000001b2a5000 	/System/Library/Frameworks/OpenGL.framework/Versions/A/Libraries/libCoreFSCache.dylib
0x000000001b2a5000 	/System/Library/Frameworks/CoreVideo.framework/Versions/A/CoreVideo
0x000000001b2a5000 	/System/Library/PrivateFrameworks/GraphVisualizer.framework/Versions/A/GraphVisualizer
0x000000001b2a5000 	/System/Library/Frameworks/MetalPerformanceShaders.framework/Versions/A/MetalPerformanceShaders
0x000000001b2a5000 	/usr/lib/libFosl_dynamic.dylib
0x000000001b2a5000 	/System/Library/PrivateFrameworks/FaceCore.framework/Versions/A/FaceCore
0x000000001b2a5000 	/System/Library/Frameworks/OpenCL.framework/Versions/A/OpenCL
0x000000001b2a5000 	/usr/lib/libcompression.dylib
0x000000001b2a5000 	/System/Library/Frameworks/ApplicationServices.framework/Versions/A/Frameworks/ATS.framework/Versions/A/Resources/libFontParser.dylib
0x000000001b2a5000 	/System/Library/Frameworks/ApplicationServices.framework/Versions/A/Frameworks/ATS.framework/Versions/A/Resources/libFontRegistry.dylib
0x000000001b2a5000 	/System/Library/Frameworks/ImageIO.framework/Versions/A/Resources/libJPEG.dylib
0x000000001b2a5000 	/System/Library/Frameworks/ImageIO.framework/Versions/A/Resources/libTIFF.dylib
0x000000001b2a5000 	/System/Library/Frameworks/ImageIO.framework/Versions/A/Resources/libPng.dylib
0x000000001b2a5000 	/System/Library/Frameworks/ImageIO.framework/Versions/A/Resources/libGIF.dylib
0x000000001b2a5000 	/System/Library/Frameworks/ImageIO.framework/Versions/A/Resources/libJP2.dylib
0x000000001b2a5000 	/System/Library/Frameworks/ImageIO.framework/Versions/A/Resources/libRadiance.dylib
0x000000001b2a5000 	/System/Library/PrivateFrameworks/AppleJPEG.framework/Versions/A/AppleJPEG
0x000000001b2a5000 	/System/Library/PrivateFrameworks/MetalTools.framework/Versions/A/MetalTools
0x000000001b2a5000 	/System/Library/Frameworks/MetalPerformanceShaders.framework/Frameworks/MPSCore.framework/Versions/A/MPSCore
0x000000001b2a5000 	/System/Library/Frameworks/MetalPerformanceShaders.framework/Frameworks/MPSImage.framework/Versions/A/MPSImage
0x000000001b2a5000 	/System/Library/Frameworks/MetalPerformanceShaders.framework/Frameworks/MPSMatrix.framework/Versions/A/MPSMatrix
0x000000001b2a5000 	/System/Library/Frameworks/MetalPerformanceShaders.framework/Frameworks/MPSNeuralNetwork.framework/Versions/A/MPSNeuralNetwork
0x000000001b2a5000 	/System/Library/Frameworks/OpenGL.framework/Versions/A/Libraries/libGLU.dylib
0x000000001b2a5000 	/System/Library/Frameworks/OpenGL.framework/Versions/A/Libraries/libGFXShared.dylib
0x000000001b2a5000 	/System/Library/Frameworks/OpenGL.framework/Versions/A/Libraries/libGL.dylib
0x000000001b2a5000 	/System/Library/Frameworks/OpenGL.framework/Versions/A/Libraries/libGLImage.dylib
0x000000001b2a5000 	/System/Library/Frameworks/OpenGL.framework/Versions/A/Libraries/libCVMSPluginSupport.dylib
0x000000001b2a5000 	/System/Library/Frameworks/OpenGL.framework/Versions/A/Libraries/libCoreVMClient.dylib
0x000000001b2a5000 	/usr/lib/libcups.2.dylib
0x000000001b2a5000 	/System/Library/Frameworks/Kerberos.framework/Versions/A/Kerberos
0x000000001b2a5000 	/System/Library/Frameworks/GSS.framework/Versions/A/GSS
0x000000001b2a5000 	/usr/lib/libresolv.9.dylib
0x000000001b2a5000 	/usr/lib/libiconv.2.dylib
0x000000001b2a5000 	/System/Library/PrivateFrameworks/Heimdal.framework/Versions/A/Heimdal
0x000000001b2a5000 	/usr/lib/libheimdal-asn1.dylib
0x000000001b2a5000 	/System/Library/Frameworks/OpenDirectory.framework/Versions/A/OpenDirectory
0x000000001b2a5000 	/System/Library/PrivateFrameworks/CommonAuth.framework/Versions/A/CommonAuth
0x000000001b2a5000 	/System/Library/Frameworks/OpenDirectory.framework/Versions/A/Frameworks/CFOpenDirectory.framework/Versions/A/CFOpenDirectory
0x000000001b2a5000 	/System/Library/Frameworks/SecurityFoundation.framework/Versions/A/SecurityFoundation
0x000000001b2a5000 	/System/Library/PrivateFrameworks/APFS.framework/Versions/A/APFS
0x000000001b2a5000 	/usr/lib/libutil.dylib
0x000000001b2a5000 	/System/Library/PrivateFrameworks/AppleSauce.framework/Versions/A/AppleSauce
0x000000001b2a5000 	/System/Library/PrivateFrameworks/LinguisticData.framework/Versions/A/LinguisticData
0x000000001b2a5000 	/usr/lib/libmarisa.dylib
0x000000001b2a5000 	/System/Library/PrivateFrameworks/Lexicon.framework/Versions/A/Lexicon
0x000000001b2a5000 	/usr/lib/libChineseTokenizer.dylib
0x000000001b2a5000 	/usr/lib/libcmph.dylib
0x000000001b2a5000 	/System/Library/PrivateFrameworks/LanguageModeling.framework/Versions/A/LanguageModeling
0x000000001b2a5000 	/System/Library/PrivateFrameworks/CoreEmoji.framework/Versions/A/CoreEmoji
0x000000001b2a5000 	/System/Library/Frameworks/ServiceManagement.framework/Versions/A/ServiceManagement
0x000000001b2a5000 	/System/Library/PrivateFrameworks/BackgroundTaskManagement.framework/Versions/A/BackgroundTaskManagement
0x000000001b2a5000 	/usr/lib/libxslt.1.dylib
0x000000001b2a5000 	/System/Library/Frameworks/Carbon.framework/Versions/A/Frameworks/Ink.framework/Versions/A/Ink
0x000000001b2a5000 	/System/Library/PrivateFrameworks/TextureIO.framework/Versions/A/TextureIO
0x000000001b2a5000 	/usr/lib/libate.dylib
0x000000001b2a5000 	/System/Library/PrivateFrameworks/CrashReporterSupport.framework/Versions/A/CrashReporterSupport
0x000000001b2a5000 	/System/Library/PrivateFrameworks/Sharing.framework/Versions/A/Sharing
0x000000001b2a5000 	/System/Library/PrivateFrameworks/IconServices.framework/Versions/A/IconServices
0x000000001b2a5000 	/System/Library/PrivateFrameworks/ProtocolBuffer.framework/Versions/A/ProtocolBuffer
0x000000001b2a5000 	/System/Library/PrivateFrameworks/Apple80211.framework/Versions/A/Apple80211
0x000000001b2a5000 	/System/Library/Frameworks/CoreWLAN.framework/Versions/A/CoreWLAN
0x000000001b2a5000 	/System/Library/PrivateFrameworks/CoreUtils.framework/Versions/A/CoreUtils
0x000000001b2a5000 	/System/Library/Frameworks/IOBluetooth.framework/Versions/A/IOBluetooth
0x000000001b2a5000 	/System/Library/PrivateFrameworks/CoreWiFi.framework/Versions/A/CoreWiFi
0x000000001b2a5000 	/System/Library/Frameworks/CoreBluetooth.framework/Versions/A/CoreBluetooth
0x000000001b2a5000 	/System/Library/PrivateFrameworks/SignpostNotification.framework/Versions/A/SignpostNotification
0x000000001b2a5000 	/System/Library/PrivateFrameworks/DebugSymbols.framework/Versions/A/DebugSymbols
0x000000001b2a5000 	/System/Library/PrivateFrameworks/CoreSymbolication.framework/Versions/A/CoreSymbolication
0x000000001b2a5000 	/System/Library/PrivateFrameworks/Symbolication.framework/Versions/A/Symbolication
0x000000001b2a5000 	/System/Library/PrivateFrameworks/AppleFSCompression.framework/Versions/A/AppleFSCompression
0x000000001b2a5000 	/System/Library/PrivateFrameworks/SpeechRecognitionCore.framework/Versions/A/SpeechRecognitionCore
0x0000000109200000 	/Library/Java/JavaVirtualMachines/jdk1.8.0_40.jdk/Contents/Home/jre/lib/server/libjvm.dylib
0x000000001b2a5000 	/usr/lib/libstdc++.6.0.9.dylib
0x000000010800c000 	/Library/Java/JavaVirtualMachines/jdk1.8.0_40.jdk/Contents/Home/jre/lib/libverify.dylib
0x000000010801a000 	/Library/Java/JavaVirtualMachines/jdk1.8.0_40.jdk/Contents/Home/jre/lib/libjava.dylib
0x0000000108099000 	/Library/Java/JavaVirtualMachines/jdk1.8.0_40.jdk/Contents/Home/jre/lib/libzip.dylib
0x000000001b2a5000 	/System/Library/Frameworks/JavaVM.framework/Versions/A/Frameworks/JavaRuntimeSupport.framework/Versions/A/JavaRuntimeSupport
0x000000001b2a5000 	/System/Library/Frameworks/JavaVM.framework/Versions/A/Frameworks/JavaNativeFoundation.framework/Versions/A/JavaNativeFoundation
0x000000001b2a5000 	/System/Library/Frameworks/JavaVM.framework/Versions/A/JavaVM
0x000000001b2a5000 	/System/Library/Frameworks/Carbon.framework/Versions/A/Carbon
0x000000001b2a5000 	/System/Library/PrivateFrameworks/JavaLaunching.framework/Versions/A/JavaLaunching
0x000000001b2a5000 	/System/Library/Frameworks/Carbon.framework/Versions/A/Frameworks/CommonPanels.framework/Versions/A/CommonPanels
0x000000001b2a5000 	/System/Library/Frameworks/Carbon.framework/Versions/A/Frameworks/Help.framework/Versions/A/Help
0x000000001b2a5000 	/System/Library/Frameworks/Carbon.framework/Versions/A/Frameworks/ImageCapture.framework/Versions/A/ImageCapture
0x000000001b2a5000 	/System/Library/Frameworks/Carbon.framework/Versions/A/Frameworks/OpenScripting.framework/Versions/A/OpenScripting
0x000000001b2a5000 	/System/Library/Frameworks/Carbon.framework/Versions/A/Frameworks/Print.framework/Versions/A/Print
0x000000001b2a5000 	/System/Library/Frameworks/Carbon.framework/Versions/A/Frameworks/SecurityHI.framework/Versions/A/SecurityHI
0x000000010faef000 	/Library/Java/JavaVirtualMachines/jdk1.8.0_40.jdk/Contents/Home/jre/lib/libprism_es2.dylib
0x000000001b2a5000 	/System/Library/PrivateFrameworks/CoreServicesInternal.framework/Versions/A/CoreServicesInternal
0x000000001b2a5000 	/System/Library/Frameworks/OpenGL.framework/Versions/A/Resources/GLEngine.bundle/GLEngine
0x000000001b2a5000 	/System/Library/Frameworks/OpenGL.framework/Versions/A/Libraries/libGLProgrammability.dylib
0x000000010fd92000 	/System/Library/Extensions/AppleIntelHD5000GraphicsGLDriver.bundle/Contents/MacOS/AppleIntelHD5000GraphicsGLDriver
0x000000001b2a5000 	/System/Library/PrivateFrameworks/GPUSupport.framework/Versions/A/Libraries/libGPUSupportMercury.dylib
0x000000001b2a5000 	/System/Library/Extensions/GeForceGLDriver.bundle/Contents/MacOS/GeForceGLDriver
0x000000001b2a5000 	/System/Library/Extensions/GeForceGLDriver.bundle/Contents/MacOS/libclh.dylib
0x000000001b2a5000 	/System/Library/Frameworks/OpenGL.framework/Versions/A/Resources/GLRendererFloat.bundle/GLRendererFloat
0x000000001b2a5000 	/System/Library/Frameworks/OpenCL.framework/Versions/A/Libraries/libcldcpuengine.dylib
0x000000001b2a5000 	/usr/lib/libcrypto.35.dylib
0x000000001b2a5000 	/System/Library/PrivateFrameworks/TrustEvaluationAgent.framework/Versions/A/TrustEvaluationAgent
0x0000000110921000 	/Library/Java/JavaVirtualMachines/jdk1.8.0_40.jdk/Contents/Home/jre/lib/libglass.dylib
0x000000001b2a5000 	/System/Library/CoreServices/RawCamera.bundle/Contents/MacOS/RawCamera
0x000000001b2a5000 	/System/Library/PrivateFrameworks/MobileAsset.framework/Versions/A/MobileAsset
0x000000001b2a5000 	/System/Library/PrivateFrameworks/StreamingZip.framework/Versions/A/StreamingZip
0x000000001b2a5000 	/System/Library/Frameworks/MediaToolbox.framework/Versions/A/MediaToolbox
0x000000001b2a5000 	/System/Library/PrivateFrameworks/CoreAVCHD.framework/Versions/A/CoreAVCHD
0x000000001b2a5000 	/System/Library/Frameworks/MediaAccessibility.framework/Versions/A/MediaAccessibility
0x000000001b2a5000 	/System/Library/PrivateFrameworks/Mangrove.framework/Versions/A/Mangrove
0x000000001b2a5000 	/System/Library/Frameworks/CoreMedia.framework/Versions/A/CoreMedia
0x000000001b2a5000 	/System/Library/Frameworks/VideoToolbox.framework/Versions/A/VideoToolbox
0x000000001b2a5000 	/System/Library/PrivateFrameworks/CoreAUC.framework/Versions/A/CoreAUC
0x000000001b2a5000 	/usr/lib/libspindump.dylib
0x000000001b2a5000 	/usr/lib/libdscsym.dylib
0x000000001b2a5000 	/System/Library/PrivateFrameworks/AppleVA.framework/Versions/A/AppleVA
0x000000001b2a5000 	/System/Library/Frameworks/Accelerate.framework/Versions/A/Frameworks/vImage.framework/Versions/A/Libraries/libCGInterfaces.dylib
0x000000001b2a5000 	/System/Library/PrivateFrameworks/FamilyControls.framework/Versions/A/FamilyControls
0x000000001b2a5000 	/System/Library/PrivateFrameworks/CommerceKit.framework/Versions/A/Frameworks/CommerceCore.framework/Versions/A/CommerceCore
0x000000001b2a5000 	/System/Library/PrivateFrameworks/SystemAdministration.framework/Versions/A/SystemAdministration
0x000000001b2a5000 	/System/Library/PrivateFrameworks/AppContainer.framework/Versions/A/AppContainer
0x000000001b2a5000 	/System/Library/PrivateFrameworks/SecCodeWrapper.framework/Versions/A/SecCodeWrapper
0x000000001b2a5000 	/System/Library/PrivateFrameworks/DiskManagement.framework/Versions/A/DiskManagement
0x000000001b2a5000 	/System/Library/Frameworks/DirectoryService.framework/Versions/A/DirectoryService
0x000000001b2a5000 	/System/Library/PrivateFrameworks/DiskImages.framework/Versions/A/DiskImages
0x000000001b2a5000 	/System/Library/PrivateFrameworks/LoginUIKit.framework/Versions/A/Frameworks/LoginUICore.framework/Versions/A/LoginUICore
0x000000001b2a5000 	/usr/lib/libCoreStorage.dylib
0x000000001b2a5000 	/usr/lib/libcsfde.dylib
0x000000001b2a5000 	/usr/lib/libodfde.dylib
0x000000001b2a5000 	/System/Library/PrivateFrameworks/MediaKit.framework/Versions/A/MediaKit
0x000000001b2a5000 	/System/Library/Frameworks/DiscRecording.framework/Versions/A/DiscRecording
0x000000001b2a5000 	/System/Library/PrivateFrameworks/EFILogin.framework/Versions/A/EFILogin
0x000000001b2a5000 	/System/Library/PrivateFrameworks/ProtectedCloudStorage.framework/Versions/A/ProtectedCloudStorage
0x000000001b2a5000 	/usr/lib/libcurl.4.dylib
0x000000001b2a5000 	/usr/lib/libssl.35.dylib
0x000000001b2a5000 	/System/Library/Frameworks/LDAP.framework/Versions/A/LDAP
0x000000001b2a5000 	/usr/lib/libsasl2.2.dylib
0x000000001b2a5000 	/System/Library/PrivateFrameworks/CoreDaemon.framework/Versions/B/CoreDaemon
0x000000001b2a5000 	/System/Library/PrivateFrameworks/AppleSRP.framework/Versions/A/AppleSRP
0x000000001b2a5000 	/System/Library/Frameworks/ApplicationServices.framework/Versions/A/Frameworks/ATS.framework/Versions/A/Resources/libTrueTypeScaler.dylib
0x000000001b2a5000 	/System/Library/Extensions/AppleIntelHD5000GraphicsMTLDriver.bundle/Contents/MacOS/AppleIntelHD5000GraphicsMTLDriver
0x000000001b2a5000 	/System/Library/Extensions/GeForceMTLDriver.bundle/Contents/MacOS/GeForceMTLDriver
0x000000001b2a5000 	/System/Library/PrivateFrameworks/GPUCompiler.framework/Versions/3802/Libraries/libmetal_timestamp.dylib

VM Arguments:
jvm_args: -Dfile.encoding=UTF-8 
java_command: applicazione.Main
java_class_path (initial): /Users/Cassa/NetBeansProjects/Applicazione/dist/Applicazione.jar:/Library/Java/JavaVirtualMachines/jdk1.8.0_40.jdk/Contents/Home/jre/lib/javaws.jar:/Library/Java/JavaVirtualMachines/jdk1.8.0_40.jdk/Contents/Home/jre/lib/deploy.jar:/Library/Java/JavaVirtualMachines/jdk1.8.0_40.jdk/Contents/Home/jre/lib/plugin.jar:/Users/Cassa/Library/Application Support/NetBeans/8.2/modules/ext/sqlite-jdbc-3.16.1.jar:/Users/Cassa/NetBeansProjects/Applicazione/build/classes
Launcher Type: SUN_STANDARD

Environment Variables:
PATH=/usr/bin:/bin:/usr/sbin:/sbin
LD_LIBRARY_PATH=/Library/Java/JavaVirtualMachines/jdk1.8.0_40.jdk/Contents/Home/jre/lib/amd64:/Library/Java/JavaVirtualMachines/jdk1.8.0_40.jdk/Contents/Home/jre/lib/i386:
SHELL=/bin/bash

Signal Handlers:
SIGSEGV: [libjvm.dylib+0x58ef95], sa_mask[0]=11111111011111110111111111111111, sa_flags=SA_ONSTACK|SA_RESTART|SA_SIGINFO
SIGBUS: [libjvm.dylib+0x58ef95], sa_mask[0]=11111111011111110111111111111111, sa_flags=SA_RESTART|SA_SIGINFO
SIGFPE: [libjvm.dylib+0x46c118], sa_mask[0]=11111111011111110111111111111111, sa_flags=SA_RESTART|SA_SIGINFO
SIGPIPE: [libjvm.dylib+0x46c118], sa_mask[0]=11111111011111110111111111111111, sa_flags=SA_RESTART|SA_SIGINFO
SIGXFSZ: [libjvm.dylib+0x46c118], sa_mask[0]=11111111011111110111111111111111, sa_flags=SA_RESTART|SA_SIGINFO
SIGILL: [libjvm.dylib+0x46c118], sa_mask[0]=11111111011111110111111111111111, sa_flags=SA_RESTART|SA_SIGINFO
SIGUSR1: SIG_DFL, sa_mask[0]=00000000000000000000000000000000, sa_flags=none
SIGUSR2: [libjvm.dylib+0x46bc36], sa_mask[0]=00100000000000000000000000000000, sa_flags=SA_RESTART|SA_SIGINFO
SIGHUP: [libjvm.dylib+0x46a209], sa_mask[0]=11111111011111110111111111111111, sa_flags=SA_RESTART|SA_SIGINFO
SIGINT: SIG_IGN, sa_mask[0]=00000000000000000000000000000000, sa_flags=none
SIGTERM: [libjvm.dylib+0x46a209], sa_mask[0]=11111111011111110111111111111111, sa_flags=SA_RESTART|SA_SIGINFO
SIGQUIT: [libjvm.dylib+0x46a209], sa_mask[0]=11111111011111110111111111111111, sa_flags=SA_RESTART|SA_SIGINFO


---------------  S Y S T E M  ---------------

OS:Bsduname:Darwin 17.2.0 Darwin Kernel Version 17.2.0: Fri Sep 29 18:27:05 PDT 2017; root:xnu-4570.20.62~3/RELEASE_X86_64 x86_64
rlimit: STACK 8192k, CORE 0k, NPROC 1418, NOFILE 10240, AS infinity
load average:2.70 2.61 2.67

CPU:total 8 (4 cores per cpu, 2 threads per core) family 6 model 70 stepping 1, cmov, cx8, fxsr, mmx, sse, sse2, sse3, ssse3, sse4.1, sse4.2, popcnt, avx, avx2, aes, clmul, erms, rtm, lzcnt, ht, tsc, tscinvbit, bmi1, bmi2

Memory: 4k page, physical 16777216k(1787756k free)

/proc/meminfo:


vm_info: Java HotSpot(TM) 64-Bit Server VM (25.40-b25) for bsd-amd64 JRE (1.8.0_40-b27), built on Mar 13 2015 04:46:52 by "java_re" with gcc 4.2.1 (Based on Apple Inc. build 5658) (LLVM build 2336.11.00)

time: Wed Nov 22 23:27:47 2017
elapsed time: 0 seconds (0d 0h 0m 0s)

